<?xml version="1.0" encoding="UTF-8"?>
<!-- Generated by org.testng.reporters.JUnitXMLReporter -->
<testsuite hostname="hp" ignored="1" name="Checkout page tests" tests="2" failures="1" timestamp="2025-01-24T23:01:56 IST" time="70.296" errors="0">
  <testcase name="TC002" time="32.478" classname="com.cart.testcases.CheckOutPageTest">
    <skipped/>
  </testcase> <!-- TC002 -->
  <testcase name="TC002" time="28.21" classname="com.cart.testcases.CheckOutPageTest">
    <failure type="java.lang.AssertionError">
      <![CDATA[java.lang.AssertionError
at org.junit.Assert.fail(Assert.java:86)
at org.junit.Assert.fail(Assert.java:95)
at com.cart.testcases.CheckOutPageTest.TC002(CheckOutPageTest.java:50)
at java.util.ArrayList.forEach(ArrayList.java:1259)
... Removed 27 stack frames]]>
    </failure>
  </testcase> <!-- TC002 -->
  <testcase name="TC001" time="0.0" classname="com.cart.testcases.CheckOutPageTest">
    <ignored/>
  </testcase> <!-- TC001 -->
</testsuite> <!-- Checkout page tests -->
