<?xml version="1.0" encoding="UTF-8"?>
<!-- Generated by org.testng.reporters.JUnitXMLReporter -->
<testsuite hostname="hp" ignored="0" name="E-Cart Login Test" tests="5" failures="1" timestamp="2025-01-05T14:58:02 IST" time="27.38" errors="0">
  <testcase name="mandatoryDetailsOnLogin" time="8.327" classname="com.cart.testcases.logintests.TC0002_LoginTest"/>
  <testcase name="loginWithInvalidCreds" time="2.54" classname="com.cart.testcases.logintests.TC0002_LoginTest"/>
  <testcase name="doLoginInCart" time="5.247" classname="com.cart.testcases.logintests.TC0002_LoginTest"/>
  <testcase name="updatePasswordOfUser" time="3.956" classname="com.cart.testcases.logintests.TC0002_LoginTest"/>
  <testcase name="validateLinksPresentonLoginPage" time="2.471" classname="com.cart.testcases.logintests.TC0002_LoginTest">
    <failure type="java.lang.AssertionError" message="expected [true] but found [false]">
      <![CDATA[java.lang.AssertionError: expected [true] but found [false]
at com.cart.testcases.logintests.TC0002_LoginTest.validateLinksPresentonLoginPage(TC0002_LoginTest.java:77)
at java.util.ArrayList.forEach(ArrayList.java:1259)
... Removed 31 stack frames]]>
    </failure>
  </testcase> <!-- validateLinksPresentonLoginPage -->
</testsuite> <!-- E-Cart Login Test -->
